2020-05-12 16:29:37,513 INFO o.a.j.u.JMeterUtils: Setting Locale to en_EN
2020-05-12 16:29:37,531 INFO o.a.j.JMeter: Loading user properties from: /usr/local/Cellar/jmeter/5.2.1/libexec/bin/user.properties
2020-05-12 16:29:37,532 INFO o.a.j.JMeter: Loading system properties from: /usr/local/Cellar/jmeter/5.2.1/libexec/bin/system.properties
2020-05-12 16:29:37,534 INFO o.a.j.JMeter: Copyright (c) 1998-2019 The Apache Software Foundation
2020-05-12 16:29:37,534 INFO o.a.j.JMeter: Version 5.2.1
2020-05-12 16:29:37,534 INFO o.a.j.JMeter: java.version=13.0.2
2020-05-12 16:29:37,534 INFO o.a.j.JMeter: java.vm.name=OpenJDK 64-Bit Server VM
2020-05-12 16:29:37,534 INFO o.a.j.JMeter: os.name=Mac OS X
2020-05-12 16:29:37,534 INFO o.a.j.JMeter: os.arch=x86_64
2020-05-12 16:29:37,534 INFO o.a.j.JMeter: os.version=10.15.2
2020-05-12 16:29:37,534 INFO o.a.j.JMeter: file.encoding=UTF-8
2020-05-12 16:29:37,534 INFO o.a.j.JMeter: java.awt.headless=null
2020-05-12 16:29:37,535 INFO o.a.j.JMeter: Max memory     =1073741824
2020-05-12 16:29:37,535 INFO o.a.j.JMeter: Available Processors =12
2020-05-12 16:29:37,543 INFO o.a.j.JMeter: Default Locale=English (EN)
2020-05-12 16:29:37,543 INFO o.a.j.JMeter: JMeter  Locale=English (EN)
2020-05-12 16:29:37,543 INFO o.a.j.JMeter: JMeterHome=/usr/local/Cellar/jmeter/5.2.1/libexec
2020-05-12 16:29:37,543 INFO o.a.j.JMeter: user.dir  =/Users/blockchain/Downloads/GitkafkaCoronaMicroservices
2020-05-12 16:29:37,543 INFO o.a.j.JMeter: PWD       =/Users/blockchain/Downloads/GitkafkaCoronaMicroservices
2020-05-12 16:29:37,556 INFO o.a.j.JMeter: IP: 192.168.1.121 Name: blockchains-MBP FullName: blockchains-mbp
2020-05-12 16:29:38,471 INFO o.a.j.g.a.LookAndFeelCommand: Installing Darcula LAF
2020-05-12 16:29:38,475 INFO o.a.j.g.a.LookAndFeelCommand: Using look and feel: com.bulenkov.darcula.DarculaLaf [Darcula]
2020-05-12 16:29:38,476 INFO o.a.j.JMeter: Setting LAF to: com.bulenkov.darcula.DarculaLaf
2020-05-12 16:29:38,547 INFO o.a.j.JMeter: Loaded icon properties from org/apache/jmeter/images/icon.properties
2020-05-12 16:29:39,131 INFO o.j.r.JARSourceHTTP: Found cached repo
2020-05-12 16:29:39,270 INFO o.j.r.PluginManager: Plugins Status: [jpgc-plugins-manager=1.3, jmeter-core=5.2.1, jmeter-ftp=5.2.1, jmeter-http=5.2.1, jmeter-jdbc=5.2.1, jmeter-jms=5.2.1, jmeter-junit=5.2.1, jmeter-java=5.2.1, jmeter-ldap=5.2.1, jmeter-mail=5.2.1, jmeter-mongodb=5.2.1, jmeter-native=5.2.1, jmeter-tcp=5.2.1, jmeter-components=5.2.1]
2020-05-12 16:29:39,273 INFO o.j.r.PluginManagerMenuItem: Plugins Manager has upgrades: [jpgc-plugins-manager]
2020-05-12 16:29:40,683 INFO o.a.j.p.h.s.HTTPSamplerBase: Parser for text/html is org.apache.jmeter.protocol.http.parser.LagartoBasedHtmlParser
2020-05-12 16:29:40,684 INFO o.a.j.p.h.s.HTTPSamplerBase: Parser for application/xhtml+xml is org.apache.jmeter.protocol.http.parser.LagartoBasedHtmlParser
2020-05-12 16:29:40,684 INFO o.a.j.p.h.s.HTTPSamplerBase: Parser for application/xml is org.apache.jmeter.protocol.http.parser.LagartoBasedHtmlParser
2020-05-12 16:29:40,684 INFO o.a.j.p.h.s.HTTPSamplerBase: Parser for text/xml is org.apache.jmeter.protocol.http.parser.LagartoBasedHtmlParser
2020-05-12 16:29:40,684 INFO o.a.j.p.h.s.HTTPSamplerBase: Parser for text/vnd.wap.wml is org.apache.jmeter.protocol.http.parser.RegexpHTMLParser
2020-05-12 16:29:40,684 INFO o.a.j.p.h.s.HTTPSamplerBase: Parser for text/css is org.apache.jmeter.protocol.http.parser.CssParser
2020-05-12 16:29:40,903 INFO o.a.j.e.KeyToolUtils: keytool found at 'keytool'
2020-05-12 16:29:40,903 INFO o.a.j.p.h.p.ProxyControl: HTTP(S) Test Script Recorder SSL Proxy will use keys that support embedded 3rd party resources in file /usr/local/Cellar/jmeter/5.2.1/libexec/bin/proxyserver.jks
2020-05-12 16:29:41,015 INFO o.a.j.s.FileServer: Default base='/Users/blockchain/Downloads/GitkafkaCoronaMicroservices'
2020-05-12 16:29:41,237 INFO o.a.j.s.SampleResult: Note: Sample TimeStamps are START times
2020-05-12 16:29:41,238 INFO o.a.j.s.SampleResult: sampleresult.default.encoding is set to ISO-8859-1
2020-05-12 16:29:41,238 INFO o.a.j.s.SampleResult: sampleresult.useNanoTime=true
2020-05-12 16:29:41,238 INFO o.a.j.s.SampleResult: sampleresult.nanoThreadSleep=5000
2020-05-12 16:29:41,254 INFO o.a.j.v.ViewResultsFullVisualizer: Add JavaFX to your Java installation if you want to use renderer: org.apache.jmeter.visualizers.RenderInBrowser
2020-05-12 16:30:12,406 INFO o.a.j.g.a.Load: Loading file: /Users/blockchain/Downloads/apache-jmeter-5.1.1/bin/HTTP Request.jmx
2020-05-12 16:30:12,407 INFO o.a.j.s.FileServer: Set new base='/Users/blockchain/Downloads/apache-jmeter-5.1.1/bin'
2020-05-12 16:30:12,527 INFO o.a.j.s.SaveService: Testplan (JMX) version: 2.2. Testlog (JTL) version: 2.2
2020-05-12 16:30:12,532 INFO o.a.j.s.SaveService: Using SaveService properties version 5.0
2020-05-12 16:30:12,533 INFO o.a.j.s.SaveService: Using SaveService properties file encoding UTF-8
2020-05-12 16:30:12,535 INFO o.a.j.s.SaveService: Loading file: /Users/blockchain/Downloads/apache-jmeter-5.1.1/bin/HTTP Request.jmx
2020-05-12 16:30:12,685 INFO o.a.j.v.ViewResultsFullVisualizer: Add JavaFX to your Java installation if you want to use renderer: org.apache.jmeter.visualizers.RenderInBrowser
2020-05-12 16:30:12,715 INFO o.a.j.s.FileServer: Set new base='/Users/blockchain/Downloads/apache-jmeter-5.1.1/bin'
2020-05-12 16:30:35,487 INFO o.a.j.g.a.Load: Loading file: /Users/blockchain/Downloads/apache-jmeter-5.1.1/bin/examples/PerformanceTestPlanMemoryThread.jmx
2020-05-12 16:30:35,487 INFO o.a.j.s.FileServer: Set new base='/Users/blockchain/Downloads/apache-jmeter-5.1.1/bin/examples'
2020-05-12 16:30:35,487 INFO o.a.j.s.SaveService: Loading file: /Users/blockchain/Downloads/apache-jmeter-5.1.1/bin/examples/PerformanceTestPlanMemoryThread.jmx
2020-05-12 16:30:35,515 INFO o.a.j.p.h.c.CookieManager: Settings: Delete null: true Check: true Allow variable: true Save: false Prefix: COOKIE_
2020-05-12 16:30:35,584 INFO o.a.j.v.ViewResultsFullVisualizer: Add JavaFX to your Java installation if you want to use renderer: org.apache.jmeter.visualizers.RenderInBrowser
2020-05-12 16:30:35,622 INFO o.a.j.s.FileServer: Set new base='/Users/blockchain/Downloads/apache-jmeter-5.1.1/bin/examples'
